#
# A fatal error has been detected by the Java Runtime Environment:
#
#  EXCEPTION_ACCESS_VIOLATION (0xc0000005) at pc=0x000000006aa0e063, pid=23372, tid=0x00000000000053a8
#
# JRE version: Java(TM) SE Runtime Environment (8.0_201-b09) (build 1.8.0_201-b09)
# Java VM: Java HotSpot(TM) 64-Bit Server VM (25.201-b09 mixed mode windows-amd64 compressed oops)
# Problematic frame:
# V  [jvm.dll+0xfe063]
#
# Failed to write core dump. Minidumps are not enabled by default on client versions of Windows
#
# If you would like to submit a bug report, please visit:
#   http://bugreport.java.com/bugreport/crash.jsp
#

---------------  T H R E A D  ---------------

Current thread (0x000000000322e000):  VMThread [stack: 0x0000000019e30000,0x0000000019f30000] [id=21416]

siginfo: ExceptionCode=0xc0000005, reading address 0xffffffffffffffff

Registers:
RAX=0x0000000000000013, RBX=0x0000000019f2f550, RCX=0x0000000019f2f550, RDX=0xffffffffffffca93
RSP=0x0000000019f2f300, RBP=0x0000000019f2f370, RSI=0x0000000019f2f550, RDI=0x00000000000000a7
R8 =0x0000000000000013, R9 =0x00000000031dec20, R10=0x03ffffffffffff2a, R11=0x0000000021898bb1
R12=0x0000000000000000, R13=0x000000006aa0e040, R14=0x0000000000000089, R15=0x0000000000000001
RIP=0x000000006aa0e063, EFLAGS=0x0000000000010a02

Top of Stack: (sp=0x0000000019f2f300)
0x0000000019f2f300:   0000000019f2f550 0000000019f2f370
0x0000000019f2f310:   0000000000000089 000000006a9c263e
0x0000000019f2f320:   0000000019f2f550 000000006aa0fe70
0x0000000019f2f330:   0000e90740160aca 0000000019f2f550
0x0000000019f2f340:   0000000019f2f550 000000006aa0f926
0x0000000019f2f350:   0000000019f2f3c0 0000000021898b2b
0x0000000019f2f360:   000000000000000e 000000006aa0f926
0x0000000019f2f370:   00000000000003d8 00000000031def58
0x0000000019f2f380:   0000000000000000 00000000000000a7
0x0000000019f2f390:   000000000322e000 000000006aa108d4
0x0000000019f2f3a0:   0000000019f2f550 0000000000000000
0x0000000019f2f3b0:   0000000000000089 0000000000000086
0x0000000019f2f3c0:   0000000021898d40 000000000322e000
0x0000000019f2f3d0:   0000008c00000089 000000a7000000d1
0x0000000019f2f3e0:   0000000000000000 00000000000000a7
0x0000000019f2f3f0:   0000000000000003 00000000000003d8 

Instructions: (pc=0x000000006aa0e063)
0x000000006aa0e043:   83 ec 20 4c 8b 89 90 00 00 00 48 63 d2 48 8b d9
0x000000006aa0e053:   0f b6 c2 4c 8b d2 24 3f 49 c1 ea 06 44 0f b6 c0
0x000000006aa0e063:   4b 8b 04 d1 4c 0f a3 c0 72 0f 48 83 c1 70 41 b0
0x000000006aa0e073:   01 e8 87 8a 17 00 ff 43 6c 48 83 c4 20 5b c3 cc 


Register to memory mapping:

RAX=0x0000000000000013 is an unknown value
RBX=0x0000000019f2f550 is an unknown value
RCX=0x0000000019f2f550 is an unknown value
RDX=0xffffffffffffca93 is an unknown value
RSP=0x0000000019f2f300 is an unknown value
RBP=0x0000000019f2f370 is an unknown value
RSI=0x0000000019f2f550 is an unknown value
RDI=0x00000000000000a7 is an unknown value
R8 =0x0000000000000013 is an unknown value
R9 =0x00000000031dec20 is an unknown value
R10=0x03ffffffffffff2a is an unknown value
R11=0x0000000021898bb1 is pointing into metadata
R12=0x0000000000000000 is an unknown value
R13=0x000000006aa0e040 is an unknown value
R14=0x0000000000000089 is an unknown value
R15=0x0000000000000001 is an unknown value


Stack: [0x0000000019e30000,0x0000000019f30000],  sp=0x0000000019f2f300,  free space=1020k
Native frames: (J=compiled Java code, j=interpreted, Vv=VM code, C=native code)
V  [jvm.dll+0xfe063]
V  [jvm.dll+0xffe70]
V  [jvm.dll+0x1008d4]
V  [jvm.dll+0x103cb4]
V  [jvm.dll+0xc51ae]
V  [jvm.dll+0xc5838]
V  [jvm.dll+0xc596a]
V  [jvm.dll+0xc5b68]
V  [jvm.dll+0x10fb3a]
V  [jvm.dll+0x12d45f]
V  [jvm.dll+0x1bf61f]
V  [jvm.dll+0x24d407]
V  [jvm.dll+0x24c6a6]
V  [jvm.dll+0x24cb41]
V  [jvm.dll+0x24cd5e]
V  [jvm.dll+0x29fb6a]
C  [msvcr100.dll+0x21db7]
C  [msvcr100.dll+0x21e53]
C  [KERNEL32.DLL+0x12774]
C  [ntdll.dll+0x70d61]

VM_Operation (0x000000001a82f510): GetOrSetLocal, mode: safepoint, requested by thread 0x000000001817b000


---------------  P R O C E S S  ---------------

Java Threads: ( => current thread )
  0x000000001ec8a800 JavaThread "http-nio-4000-Acceptor-0" daemon [_thread_in_native, id=13496, stack(0x0000000025f70000,0x0000000026070000)]
  0x000000001ec89000 JavaThread "http-nio-4000-ClientPoller-1" daemon [_thread_blocked, id=20540, stack(0x0000000025e70000,0x0000000025f70000)]
  0x000000001ec88800 JavaThread "http-nio-4000-ClientPoller-0" daemon [_thread_blocked, id=19948, stack(0x0000000025d70000,0x0000000025e70000)]
  0x000000001ec87800 JavaThread "http-nio-4000-exec-10" daemon [_thread_blocked, id=18840, stack(0x0000000025c70000,0x0000000025d70000)]
  0x000000001ec87000 JavaThread "http-nio-4000-exec-9" daemon [_thread_blocked, id=23408, stack(0x0000000025b70000,0x0000000025c70000)]
  0x000000001ec8a000 JavaThread "http-nio-4000-exec-8" daemon [_thread_blocked, id=22592, stack(0x0000000025a70000,0x0000000025b70000)]
  0x000000001ec86000 JavaThread "http-nio-4000-exec-7" daemon [_thread_blocked, id=9708, stack(0x0000000025970000,0x0000000025a70000)]
  0x000000001ec7e800 JavaThread "http-nio-4000-exec-6" daemon [_thread_blocked, id=3052, stack(0x0000000025870000,0x0000000025970000)]
  0x000000001ec85800 JavaThread "http-nio-4000-exec-5" daemon [_thread_blocked, id=11784, stack(0x0000000025770000,0x0000000025870000)]
  0x000000001ec7e000 JavaThread "http-nio-4000-exec-4" daemon [_thread_blocked, id=21256, stack(0x0000000025670000,0x0000000025770000)]
  0x000000001ec84800 JavaThread "http-nio-4000-exec-3" daemon [_thread_blocked, id=18532, stack(0x0000000025570000,0x0000000025670000)]
  0x000000001ec7d000 JavaThread "http-nio-4000-exec-2" daemon [_thread_blocked, id=19060, stack(0x0000000025470000,0x0000000025570000)]
  0x000000001ec84000 JavaThread "http-nio-4000-exec-1" daemon [_thread_blocked, id=22612, stack(0x0000000025370000,0x0000000025470000)]
  0x000000001ec7c800 JavaThread "NioBlockingSelector.BlockPoller-3" daemon [_thread_blocked, id=20892, stack(0x0000000025270000,0x0000000025370000)]
  0x000000001ec81000 JavaThread "File Watcher" daemon [_thread_blocked, id=4408, stack(0x0000000025170000,0x0000000025270000)]
  0x000000001ec80000 JavaThread "container-0" [_thread_blocked, id=21584, stack(0x0000000025070000,0x0000000025170000)]
  0x000000001ec83000 JavaThread "Catalina-utility-2" [_thread_blocked, id=21068, stack(0x0000000024f70000,0x0000000025070000)]
  0x000000001ec7f800 JavaThread "Catalina-utility-1" [_thread_blocked, id=15152, stack(0x0000000024e70000,0x0000000024f70000)]
  0x000000001ec81800 JavaThread "DestroyJavaVM" [_thread_blocked, id=19996, stack(0x0000000003030000,0x0000000003130000)]
  0x000000001e8e4800 JavaThread "Live Reload Server" daemon [_thread_in_native, id=14496, stack(0x0000000020670000,0x0000000020770000)]
  0x000000001e8e2000 JavaThread "mysql-cj-abandoned-connection-cleanup" daemon [_thread_blocked, id=23304, stack(0x000000001fc70000,0x000000001fd70000)]
  0x000000001b529800 JavaThread "RMI Scheduler(0)" daemon [_thread_blocked, id=17376, stack(0x000000001bed0000,0x000000001bfd0000)]
  0x000000001b2f1000 JavaThread "RMI TCP Accept-0" daemon [_thread_in_native, id=23352, stack(0x000000001b930000,0x000000001ba30000)]
  0x000000001b2e2800 JavaThread "RMI TCP Accept-65337" daemon [_thread_in_native, id=23076, stack(0x000000001b830000,0x000000001b930000)]
  0x000000001b2d3800 JavaThread "RMI TCP Accept-0" daemon [_thread_in_native, id=23336, stack(0x000000001b730000,0x000000001b830000)]
  0x0000000019ff8000 JavaThread "Service Thread" daemon [_thread_blocked, id=16308, stack(0x000000001ae30000,0x000000001af30000)]
  0x0000000019fff000 JavaThread "C1 CompilerThread3" daemon [_thread_blocked, id=16340, stack(0x000000001ad30000,0x000000001ae30000)]
  0x0000000019ffe000 JavaThread "C2 CompilerThread2" daemon [_thread_blocked, id=12172, stack(0x000000001ac30000,0x000000001ad30000)]
  0x0000000019ffd800 JavaThread "C2 CompilerThread1" daemon [_thread_blocked, id=1660, stack(0x000000001ab30000,0x000000001ac30000)]
  0x0000000019fed000 JavaThread "C2 CompilerThread0" daemon [_thread_blocked, id=17072, stack(0x000000001aa30000,0x000000001ab30000)]
  0x0000000019fdb800 JavaThread "JDWP Command Reader" daemon [_thread_in_native, id=11696, stack(0x000000001a930000,0x000000001aa30000)]
  0x0000000019fda800 JavaThread "JDWP Event Helper Thread" daemon [_thread_blocked, id=22664, stack(0x000000001a830000,0x000000001a930000)]
  0x000000001817b000 JavaThread "JDWP Transport Listener: dt_socket" daemon [_thread_blocked, id=14692, stack(0x000000001a730000,0x000000001a830000)]
  0x0000000019f75800 JavaThread "Attach Listener" daemon [_thread_blocked, id=12772, stack(0x000000001a630000,0x000000001a730000)]
  0x0000000019f73800 JavaThread "Signal Dispatcher" daemon [_thread_blocked, id=6948, stack(0x000000001a530000,0x000000001a630000)]
  0x0000000019f50800 JavaThread "Finalizer" daemon [_thread_blocked, id=21460, stack(0x000000001a430000,0x000000001a530000)]
  0x000000001816c800 JavaThread "Reference Handler" daemon [_thread_blocked, id=23196, stack(0x000000001a330000,0x000000001a430000)]

Other Threads:
=>0x000000000322e000 VMThread [stack: 0x0000000019e30000,0x0000000019f30000] [id=21416]
  0x000000001b2f5000 WatcherThread [stack: 0x000000001ba30000,0x000000001bb30000] [id=23092]

VM state:at safepoint (normal execution)

VM Mutex/Monitor currently owned by a thread:  ([mutex/lock_event])
[0x0000000003133db0] Threads_lock - owner thread: 0x000000000322e000

heap address: 0x0000000082000000, size: 2016 MB, Compressed Oops mode: 32-bit
Narrow klass base: 0x0000000000000000, Narrow klass shift: 3
Compressed class space size: 1073741824 Address: 0x0000000100000000

Heap:
 PSYoungGen      total 197120K, used 66814K [0x00000000d6000000, 0x00000000e4480000, 0x0000000100000000)
  eden space 191488K, 32% used [0x00000000d6000000,0x00000000d9c009e0,0x00000000e1b00000)
  from space 5632K, 95% used [0x00000000e3f00000,0x00000000e443ee48,0x00000000e4480000)
  to   space 15360K, 0% used [0x00000000e2680000,0x00000000e2680000,0x00000000e3580000)
 ParOldGen       total 111616K, used 21295K [0x0000000082000000, 0x0000000088d00000, 0x00000000d6000000)
  object space 111616K, 19% used [0x0000000082000000,0x00000000834cbff0,0x0000000088d00000)
 Metaspace       used 46490K, capacity 48888K, committed 49152K, reserved 1091584K
  class space    used 6145K, capacity 6617K, committed 6656K, reserved 1048576K

Card table byte_map: [0x00000000125f0000,0x00000000129f0000] byte_map_base: 0x00000000121e0000

Marking Bits: (ParMarkBitMap*) 0x000000006b134ce0
 Begin Bits: [0x0000000013490000, 0x0000000015410000)
 End Bits:   [0x0000000015410000, 0x0000000017390000)

Polling page: 0x00000000011f0000

CodeCache: size=245760Kb used=11475Kb max_used=11480Kb free=234284Kb
 bounds [0x0000000003230000, 0x0000000003d70000, 0x0000000012230000]
 total_blobs=6066 nmethods=5566 adapters=419
 compilation: enabled

Compilation events (10 events):
Event: 787.978 Thread 0x0000000019fff000 5675       1       org.apache.tomcat.util.buf.AbstractChunk::<init> (20 bytes)
Event: 787.979 Thread 0x0000000019fff000 nmethod 5675 0x0000000003d69690 code [0x0000000003d697e0, 0x0000000003d698f0]
Event: 787.980 Thread 0x0000000019fff000 5676       1       ch.qos.logback.core.UnsynchronizedAppenderBase::isStarted (5 bytes)
Event: 787.980 Thread 0x0000000019fff000 nmethod 5676 0x0000000003d69950 code [0x0000000003d69aa0, 0x0000000003d69bb0]
Event: 847.309 Thread 0x0000000019fff000 5677       1       org.apache.catalina.core.StandardContext::getInstanceManager (5 bytes)
Event: 847.310 Thread 0x0000000019fff000 nmethod 5677 0x0000000003d69c10 code [0x0000000003d69d60, 0x0000000003d69e70]
Event: 1091.417 Thread 0x0000000019fff000 5678       1       java.util.concurrent.locks.AbstractQueuedSynchronizer::addWaiter (50 bytes)
Event: 1091.418 Thread 0x0000000019fff000 nmethod 5678 0x00000000036cd6d0 code [0x00000000036cd840, 0x00000000036cdac8]
Event: 1091.420 Thread 0x0000000019fff000 5679       1       java.util.concurrent.locks.AbstractQueuedSynchronizer$Node::<init> (15 bytes)
Event: 1091.420 Thread 0x0000000019fff000 nmethod 5679 0x00000000036cd3d0 code [0x00000000036cd520, 0x00000000036cd650]

GC Heap History (10 events):
Event: 252.663 GC heap before
{Heap before GC invocations=12 (full 3):
 PSYoungGen      total 194048K, used 179200K [0x00000000d6000000, 0x00000000e2c00000, 0x0000000100000000)
  eden space 179200K, 100% used [0x00000000d6000000,0x00000000e0f00000,0x00000000e0f00000)
  from space 14848K, 0% used [0x00000000e1d80000,0x00000000e1d80000,0x00000000e2c00000)
  to   space 14848K, 0% used [0x00000000e0f00000,0x00000000e0f00000,0x00000000e1d80000)
 ParOldGen       total 111616K, used 24573K [0x0000000082000000, 0x0000000088d00000, 0x00000000d6000000)
  object space 111616K, 22% used [0x0000000082000000,0x00000000837ff578,0x0000000088d00000)
 Metaspace       used 46069K, capacity 48342K, committed 48640K, reserved 1091584K
  class space    used 6103K, capacity 6559K, committed 6656K, reserved 1048576K
Event: 252.671 GC heap after
Heap after GC invocations=12 (full 3):
 PSYoungGen      total 194048K, used 5288K [0x00000000d6000000, 0x00000000e5c00000, 0x0000000100000000)
  eden space 179200K, 0% used [0x00000000d6000000,0x00000000d6000000,0x00000000e0f00000)
  from space 14848K, 35% used [0x00000000e0f00000,0x00000000e142a270,0x00000000e1d80000)
  to   space 14848K, 0% used [0x00000000e4d80000,0x00000000e4d80000,0x00000000e5c00000)
 ParOldGen       total 111616K, used 24581K [0x0000000082000000, 0x0000000088d00000, 0x00000000d6000000)
  object space 111616K, 22% used [0x0000000082000000,0x0000000083801578,0x0000000088d00000)
 Metaspace       used 46069K, capacity 48342K, committed 48640K, reserved 1091584K
  class space    used 6103K, capacity 6559K, committed 6656K, reserved 1048576K
}
Event: 579.017 GC heap before
{Heap before GC invocations=13 (full 3):
 PSYoungGen      total 194048K, used 184488K [0x00000000d6000000, 0x00000000e5c00000, 0x0000000100000000)
  eden space 179200K, 100% used [0x00000000d6000000,0x00000000e0f00000,0x00000000e0f00000)
  from space 14848K, 35% used [0x00000000e0f00000,0x00000000e142a270,0x00000000e1d80000)
  to   space 14848K, 0% used [0x00000000e4d80000,0x00000000e4d80000,0x00000000e5c00000)
 ParOldGen       total 111616K, used 24581K [0x0000000082000000, 0x0000000088d00000, 0x00000000d6000000)
  object space 111616K, 22% used [0x0000000082000000,0x0000000083801578,0x0000000088d00000)
 Metaspace       used 46069K, capacity 48342K, committed 48640K, reserved 1091584K
  class space    used 6103K, capacity 6559K, committed 6656K, reserved 1048576K
Event: 579.026 GC heap after
Heap after GC invocations=13 (full 3):
 PSYoungGen      total 177664K, used 4096K [0x00000000d6000000, 0x00000000e5200000, 0x0000000100000000)
  eden space 173056K, 0% used [0x00000000d6000000,0x00000000d6000000,0x00000000e0900000)
  from space 4608K, 88% used [0x00000000e4d80000,0x00000000e5180010,0x00000000e5200000)
  to   space 15360K, 0% used [0x00000000e3400000,0x00000000e3400000,0x00000000e4300000)
 ParOldGen       total 111616K, used 24589K [0x0000000082000000, 0x0000000088d00000, 0x00000000d6000000)
  object space 111616K, 22% used [0x0000000082000000,0x0000000083803578,0x0000000088d00000)
 Metaspace       used 46069K, capacity 48342K, committed 48640K, reserved 1091584K
  class space    used 6103K, capacity 6559K, committed 6656K, reserved 1048576K
}
Event: 589.450 GC heap before
{Heap before GC invocations=14 (full 3):
 PSYoungGen      total 177664K, used 18004K [0x00000000d6000000, 0x00000000e5200000, 0x0000000100000000)
  eden space 173056K, 8% used [0x00000000d6000000,0x00000000d6d950a0,0x00000000e0900000)
  from space 4608K, 88% used [0x00000000e4d80000,0x00000000e5180010,0x00000000e5200000)
  to   space 15360K, 0% used [0x00000000e3400000,0x00000000e3400000,0x00000000e4300000)
 ParOldGen       total 111616K, used 24589K [0x0000000082000000, 0x0000000088d00000, 0x00000000d6000000)
  object space 111616K, 22% used [0x0000000082000000,0x0000000083803578,0x0000000088d00000)
 Metaspace       used 46072K, capacity 48348K, committed 48640K, reserved 1091584K
  class space    used 6104K, capacity 6561K, committed 6656K, reserved 1048576K
Event: 589.453 GC heap after
Heap after GC invocations=14 (full 3):
 PSYoungGen      total 176128K, used 2848K [0x00000000d6000000, 0x00000000e4e00000, 0x0000000100000000)
  eden space 173056K, 0% used [0x00000000d6000000,0x00000000d6000000,0x00000000e0900000)
  from space 3072K, 92% used [0x00000000e3400000,0x00000000e36c8000,0x00000000e3700000)
  to   space 15360K, 0% used [0x00000000e3f00000,0x00000000e3f00000,0x00000000e4e00000)
 ParOldGen       total 111616K, used 24597K [0x0000000082000000, 0x0000000088d00000, 0x00000000d6000000)
  object space 111616K, 22% used [0x0000000082000000,0x0000000083805578,0x0000000088d00000)
 Metaspace       used 46072K, capacity 48348K, committed 48640K, reserved 1091584K
  class space    used 6104K, capacity 6561K, committed 6656K, reserved 1048576K
}
Event: 589.453 GC heap before
{Heap before GC invocations=15 (full 4):
 PSYoungGen      total 176128K, used 2848K [0x00000000d6000000, 0x00000000e4e00000, 0x0000000100000000)
  eden space 173056K, 0% used [0x00000000d6000000,0x00000000d6000000,0x00000000e0900000)
  from space 3072K, 92% used [0x00000000e3400000,0x00000000e36c8000,0x00000000e3700000)
  to   space 15360K, 0% used [0x00000000e3f00000,0x00000000e3f00000,0x00000000e4e00000)
 ParOldGen       total 111616K, used 24597K [0x0000000082000000, 0x0000000088d00000, 0x00000000d6000000)
  object space 111616K, 22% used [0x0000000082000000,0x0000000083805578,0x0000000088d00000)
 Metaspace       used 46072K, capacity 48348K, committed 48640K, reserved 1091584K
  class space    used 6104K, capacity 6561K, committed 6656K, reserved 1048576K
Event: 589.600 GC heap after
Heap after GC invocations=15 (full 4):
 PSYoungGen      total 176128K, used 0K [0x00000000d6000000, 0x00000000e4e00000, 0x0000000100000000)
  eden space 173056K, 0% used [0x00000000d6000000,0x00000000d6000000,0x00000000e0900000)
  from space 3072K, 0% used [0x00000000e3400000,0x00000000e3400000,0x00000000e3700000)
  to   space 15360K, 0% used [0x00000000e3f00000,0x00000000e3f00000,0x00000000e4e00000)
 ParOldGen       total 111616K, used 21287K [0x0000000082000000, 0x0000000088d00000, 0x00000000d6000000)
  object space 111616K, 19% used [0x0000000082000000,0x00000000834c9ff0,0x0000000088d00000)
 Metaspace       used 46068K, capacity 48342K, committed 48640K, reserved 1091584K
  class space    used 6103K, capacity 6560K, committed 6656K, reserved 1048576K
}
Event: 685.115 GC heap before
{Heap before GC invocations=16 (full 4):
 PSYoungGen      total 176128K, used 173056K [0x00000000d6000000, 0x00000000e4e00000, 0x0000000100000000)
  eden space 173056K, 100% used [0x00000000d6000000,0x00000000e0900000,0x00000000e0900000)
  from space 3072K, 0% used [0x00000000e3400000,0x00000000e3400000,0x00000000e3700000)
  to   space 15360K, 0% used [0x00000000e3f00000,0x00000000e3f00000,0x00000000e4e00000)
 ParOldGen       total 111616K, used 21287K [0x0000000082000000, 0x0000000088d00000, 0x00000000d6000000)
  object space 111616K, 19% used [0x0000000082000000,0x00000000834c9ff0,0x0000000088d00000)
 Metaspace       used 46366K, capacity 48760K, committed 48896K, reserved 1091584K
  class space    used 6140K, capacity 6617K, committed 6656K, reserved 1048576K
Event: 685.129 GC heap after
Heap after GC invocations=16 (full 4):
 PSYoungGen      total 197120K, used 5371K [0x00000000d6000000, 0x00000000e4480000, 0x0000000100000000)
  eden space 191488K, 0% used [0x00000000d6000000,0x00000000d6000000,0x00000000e1b00000)
  from space 5632K, 95% used [0x00000000e3f00000,0x00000000e443ee48,0x00000000e4480000)
  to   space 15360K, 0% used [0x00000000e2680000,0x00000000e2680000,0x00000000e3580000)
 ParOldGen       total 111616K, used 21295K [0x0000000082000000, 0x0000000088d00000, 0x00000000d6000000)
  object space 111616K, 19% used [0x0000000082000000,0x00000000834cbff0,0x0000000088d00000)
 Metaspace       used 46366K, capacity 48760K, committed 48896K, reserved 1091584K
  class space    used 6140K, capacity 6617K, committed 6656K, reserved 1048576K
}

Deoptimization events (0 events):
No events

Classes redefined (7 events):
Event: 66.801 Thread 0x000000000322e000 redefined class name=com.sf.appTv.controller.AppgameController, count=1
Event: 1493.215 Thread 0x000000000322e000 redefined class name=com.sf.appTv.utils.Utils, count=1
Event: 1493.237 Thread 0x000000000322e000 redefined class name=com.sf.appTv.utils.Utils, count=1
Event: 1516.679 Thread 0x000000000322e000 redefined class name=com.sf.appTv.utils.Utils, count=2
Event: 1516.708 Thread 0x000000000322e000 redefined class name=com.sf.appTv.utils.Utils, count=2
Event: 1606.704 Thread 0x000000000322e000 redefined class name=com.sf.appTv.utils.Utils, count=3
Event: 1606.727 Thread 0x000000000322e000 redefined class name=com.sf.appTv.utils.Utils, count=3

Internal exceptions (10 events):
Event: 590.232 Thread 0x000000001ec7b800 Exception <a 'java/lang/ArrayIndexOutOfBoundsException'> (0x00000000dc8473d8) thrown at [C:\re\workspace\8-2-build-windows-amd64-cygwin\jdk8u201\12322\hotspot\src\share\vm\runtime\sharedRuntime.cpp, line 605]
Event: 590.232 Thread 0x000000001ec7b800 Exception <a 'java/lang/ArrayIndexOutOfBoundsException'> (0x00000000dc8486c8) thrown at [C:\re\workspace\8-2-build-windows-amd64-cygwin\jdk8u201\12322\hotspot\src\share\vm\runtime\sharedRuntime.cpp, line 605]
Event: 590.233 Thread 0x000000001ec7b800 Exception <a 'java/lang/ArrayIndexOutOfBoundsException'> (0x00000000dc84bad0) thrown at [C:\re\workspace\8-2-build-windows-amd64-cygwin\jdk8u201\12322\hotspot\src\share\vm\runtime\sharedRuntime.cpp, line 605]
Event: 590.234 Thread 0x000000001ec7b800 Exception <a 'java/lang/ArrayIndexOutOfBoundsException'> (0x00000000dc87b1c8) thrown at [C:\re\workspace\8-2-build-windows-amd64-cygwin\jdk8u201\12322\hotspot\src\share\vm\runtime\sharedRuntime.cpp, line 605]
Event: 590.238 Thread 0x000000001ec7b800 Exception <a 'java/lang/ArrayIndexOutOfBoundsException'> (0x00000000dc963588) thrown at [C:\re\workspace\8-2-build-windows-amd64-cygwin\jdk8u201\12322\hotspot\src\share\vm\runtime\sharedRuntime.cpp, line 605]
Event: 590.238 Thread 0x000000001ec7b800 Exception <a 'java/lang/ArrayIndexOutOfBoundsException'> (0x00000000dc96e498) thrown at [C:\re\workspace\8-2-build-windows-amd64-cygwin\jdk8u201\12322\hotspot\src\share\vm\runtime\sharedRuntime.cpp, line 605]
Event: 590.238 Thread 0x000000001ec7b800 Exception <a 'java/lang/ArrayIndexOutOfBoundsException'> (0x00000000dc9766d0) thrown at [C:\re\workspace\8-2-build-windows-amd64-cygwin\jdk8u201\12322\hotspot\src\share\vm\runtime\sharedRuntime.cpp, line 605]
Event: 590.238 Thread 0x000000001ec7b800 Exception <a 'java/lang/ArrayIndexOutOfBoundsException'> (0x00000000dc978898) thrown at [C:\re\workspace\8-2-build-windows-amd64-cygwin\jdk8u201\12322\hotspot\src\share\vm\runtime\sharedRuntime.cpp, line 605]
Event: 590.252 Thread 0x000000001ec7b800 Exception <a 'java/lang/ArrayIndexOutOfBoundsException'> (0x00000000dcbda150) thrown at [C:\re\workspace\8-2-build-windows-amd64-cygwin\jdk8u201\12322\hotspot\src\share\vm\runtime\sharedRuntime.cpp, line 605]
Event: 590.256 Thread 0x000000001ec7b800 Exception <a 'java/lang/ArrayIndexOutOfBoundsException'> (0x00000000dcc557b0) thrown at [C:\re\workspace\8-2-build-windows-amd64-cygwin\jdk8u201\12322\hotspot\src\share\vm\runtime\sharedRuntime.cpp, line 605]

Events (10 events):
Event: 1606.839 Executing VM operation: ChangeBreakpoints done
Event: 1606.839 Executing VM operation: ChangeBreakpoints
Event: 1606.840 Executing VM operation: ChangeBreakpoints done
Event: 1606.841 Executing VM operation: ChangeBreakpoints
Event: 1606.842 Executing VM operation: ChangeBreakpoints done
Event: 1606.843 Executing VM operation: ChangeBreakpoints
Event: 1606.845 Executing VM operation: ChangeBreakpoints done
Event: 1606.846 Executing VM operation: GetOrSetLocal
Event: 1606.846 Executing VM operation: GetOrSetLocal done
Event: 1606.852 Executing VM operation: GetOrSetLocal


Dynamic libraries:
0x00007ff6dfa80000 - 0x00007ff6dfab7000 	C:\Program Files\Java\jdk1.8.0_201\bin\java.exe
0x00007ff833d80000 - 0x00007ff833f5b000 	C:\Windows\SYSTEM32\ntdll.dll
0x00007ff8314d0000 - 0x00007ff83157e000 	C:\Windows\System32\KERNEL32.DLL
0x00007ff831020000 - 0x00007ff831269000 	C:\Windows\System32\KERNELBASE.dll
0x00007ff833b10000 - 0x00007ff833bb1000 	C:\Windows\System32\ADVAPI32.dll
0x00007ff8336b0000 - 0x00007ff83374d000 	C:\Windows\System32\msvcrt.dll
0x00007ff8312e0000 - 0x00007ff831339000 	C:\Windows\System32\sechost.dll
0x00007ff831580000 - 0x00007ff8316a5000 	C:\Windows\System32\RPCRT4.dll
0x00007ff831c40000 - 0x00007ff831d8a000 	C:\Windows\System32\USER32.dll
0x00007ff831000000 - 0x00007ff83101e000 	C:\Windows\System32\win32u.dll
0x00007ff833680000 - 0x00007ff8336a7000 	C:\Windows\System32\GDI32.dll
0x00007ff830340000 - 0x00007ff8304c9000 	C:\Windows\System32\gdi32full.dll
0x00007ff8302a0000 - 0x00007ff83033a000 	C:\Windows\System32\msvcp_win.dll
0x00007ff8304d0000 - 0x00007ff8305c6000 	C:\Windows\System32\ucrtbase.dll
0x00007ff8283d0000 - 0x00007ff828637000 	C:\Windows\WinSxS\amd64_microsoft.windows.common-controls_6595b64144ccf1df_6.0.15063.0_none_108e4f62dfe5d999\COMCTL32.dll
0x00007ff833760000 - 0x00007ff833a59000 	C:\Windows\System32\combase.dll
0x00007ff831270000 - 0x00007ff8312da000 	C:\Windows\System32\bcryptPrimitives.dll
0x00007ff833380000 - 0x00007ff8333ad000 	C:\Windows\System32\IMM32.DLL
0x000000006b1c0000 - 0x000000006b291000 	C:\Program Files\Java\jdk1.8.0_201\jre\bin\msvcr100.dll
0x000000006a910000 - 0x000000006b1b4000 	C:\Program Files\Java\jdk1.8.0_201\jre\bin\server\jvm.dll
0x00007ff833c30000 - 0x00007ff833c38000 	C:\Windows\System32\PSAPI.DLL
0x00007ff8205c0000 - 0x00007ff8205c9000 	C:\Windows\SYSTEM32\WSOCK32.dll
0x00007ff828880000 - 0x00007ff82888a000 	C:\Windows\SYSTEM32\VERSION.dll
0x00007ff828b30000 - 0x00007ff828b53000 	C:\Windows\SYSTEM32\WINMM.dll
0x00007ff833bc0000 - 0x00007ff833c2c000 	C:\Windows\System32\WS2_32.dll
0x00007ff828ab0000 - 0x00007ff828adb000 	C:\Windows\SYSTEM32\winmmbase.dll
0x00007ff830850000 - 0x00007ff830899000 	C:\Windows\System32\cfgmgr32.dll
0x00007ff82e400000 - 0x00007ff82e40f000 	C:\Program Files\Java\jdk1.8.0_201\jre\bin\verify.dll
0x00007ff82e3d0000 - 0x00007ff82e3f9000 	C:\Program Files\Java\jdk1.8.0_201\jre\bin\java.dll
0x00007ff82e320000 - 0x00007ff82e355000 	C:\Program Files\Java\jdk1.8.0_201\jre\bin\jdwp.dll
0x00007ff82e390000 - 0x00007ff82e398000 	C:\Program Files\Java\jdk1.8.0_201\jre\bin\npt.dll
0x00007ff82e3b0000 - 0x00007ff82e3c6000 	C:\Program Files\Java\jdk1.8.0_201\jre\bin\zip.dll
0x00007ff831da0000 - 0x00007ff8331d7000 	C:\Windows\System32\SHELL32.dll
0x00007ff833a60000 - 0x00007ff833b0a000 	C:\Windows\System32\shcore.dll
0x00007ff830900000 - 0x00007ff830ff2000 	C:\Windows\System32\windows.storage.dll
0x00007ff833d20000 - 0x00007ff833d71000 	C:\Windows\System32\shlwapi.dll
0x00007ff830280000 - 0x00007ff830291000 	C:\Windows\System32\kernel.appcore.dll
0x00007ff830230000 - 0x00007ff83027c000 	C:\Windows\System32\powrprof.dll
0x00007ff830210000 - 0x00007ff830225000 	C:\Windows\System32\profapi.dll
0x00007ff82e380000 - 0x00007ff82e389000 	C:\Program Files\Java\jdk1.8.0_201\jre\bin\dt_socket.dll
0x00007ff82faa0000 - 0x00007ff82fafc000 	C:\Windows\system32\mswsock.dll
0x00007ff82e310000 - 0x00007ff82e31d000 	C:\Program Files\Java\jdk1.8.0_201\jre\bin\management.dll
0x00007ff82bc50000 - 0x00007ff82bc6a000 	C:\Program Files\Java\jdk1.8.0_201\jre\bin\net.dll
0x00007ff820f70000 - 0x00007ff821138000 	C:\Windows\SYSTEM32\urlmon.dll
0x00007ff823860000 - 0x00007ff823ae6000 	C:\Windows\SYSTEM32\iertutil.dll
0x00007ff82fc60000 - 0x00007ff82fc6b000 	C:\Windows\SYSTEM32\CRYPTBASE.DLL
0x00007ff828db0000 - 0x00007ff828dc1000 	C:\Program Files\Java\jdk1.8.0_201\jre\bin\nio.dll
0x00007ff81d3f0000 - 0x00007ff81d406000 	C:\Windows\system32\napinsp.dll
0x00007ff81d3d0000 - 0x00007ff81d3ea000 	C:\Windows\system32\pnrpnsp.dll
0x00007ff82dad0000 - 0x00007ff82dae8000 	C:\Windows\system32\NLAapi.dll
0x00007ff82f880000 - 0x00007ff82f924000 	C:\Windows\SYSTEM32\DNSAPI.dll
0x00007ff833750000 - 0x00007ff833758000 	C:\Windows\System32\NSI.dll
0x00007ff82f840000 - 0x00007ff82f877000 	C:\Windows\SYSTEM32\IPHLPAPI.DLL
0x00007ff81e6d0000 - 0x00007ff81e6de000 	C:\Windows\System32\winrnr.dll
0x00007ff81c430000 - 0x00007ff81c445000 	C:\Windows\System32\wshbth.dll
0x00007ff81fce0000 - 0x00007ff81fcea000 	C:\Windows\System32\rasadhlp.dll
0x00007ff829c80000 - 0x00007ff829ceb000 	C:\Windows\System32\fwpuclnt.dll
0x00007ff8300c0000 - 0x00007ff8300e5000 	C:\Windows\SYSTEM32\bcrypt.dll
0x00007ff82fc40000 - 0x00007ff82fc57000 	C:\Windows\SYSTEM32\CRYPTSP.dll
0x00007ff82f6c0000 - 0x00007ff82f6f4000 	C:\Windows\system32\rsaenh.dll
0x00007ff8300f0000 - 0x00007ff830119000 	C:\Windows\SYSTEM32\USERENV.dll
0x00007ff82a090000 - 0x00007ff82a0a6000 	C:\Windows\SYSTEM32\dhcpcsvc6.DLL
0x00007ff82a1f0000 - 0x00007ff82a20a000 	C:\Windows\SYSTEM32\dhcpcsvc.DLL
0x00007ff80df90000 - 0x00007ff80dfb4000 	C:\Program Files\Java\jdk1.8.0_201\jre\bin\sunec.dll
0x00007ff82a3e0000 - 0x00007ff82a589000 	C:\Windows\SYSTEM32\dbghelp.dll

VM Arguments:
jvm_args: -agentlib:jdwp=transport=dt_socket,address=127.0.0.1:65338,suspend=y,server=n -XX:TieredStopAtLevel=1 -Xverify:none -Dspring.output.ansi.enabled=always -Dcom.sun.management.jmxremote -Dcom.sun.management.jmxremote.port=65337 -Dcom.sun.management.jmxremote.authenticate=false -Dcom.sun.management.jmxremote.ssl=false -Djava.rmi.server.hostname=localhost -Dspring.liveBeansView.mbeanDomain -Dspring.application.admin.enabled=true -Dfile.encoding=UTF-8 
java_command: com.sf.appTv.DemoApplication
java_class_path (initial): C:\Program Files\Java\jdk1.8.0_201\jre\lib\charsets.jar;C:\Program Files\Java\jdk1.8.0_201\jre\lib\deploy.jar;C:\Program Files\Java\jdk1.8.0_201\jre\lib\ext\access-bridge-64.jar;C:\Program Files\Java\jdk1.8.0_201\jre\lib\ext\cldrdata.jar;C:\Program Files\Java\jdk1.8.0_201\jre\lib\ext\dnsns.jar;C:\Program Files\Java\jdk1.8.0_201\jre\lib\ext\jaccess.jar;C:\Program Files\Java\jdk1.8.0_201\jre\lib\ext\jfxrt.jar;C:\Program Files\Java\jdk1.8.0_201\jre\lib\ext\localedata.jar;C:\Program Files\Java\jdk1.8.0_201\jre\lib\ext\nashorn.jar;C:\Program Files\Java\jdk1.8.0_201\jre\lib\ext\sunec.jar;C:\Program Files\Java\jdk1.8.0_201\jre\lib\ext\sunjce_provider.jar;C:\Program Files\Java\jdk1.8.0_201\jre\lib\ext\sunmscapi.jar;C:\Program Files\Java\jdk1.8.0_201\jre\lib\ext\sunpkcs11.jar;C:\Program Files\Java\jdk1.8.0_201\jre\lib\ext\zipfs.jar;C:\Program Files\Java\jdk1.8.0_201\jre\lib\javaws.jar;C:\Program Files\Java\jdk1.8.0_201\jre\lib\jce.jar;C:\Program Files\Java\jdk1.8.0_201\jre\lib\jfr.jar;C:\Program Files\Java\jdk1.8.0_201\jre\lib\jfxswt.jar;C:\Program Files\Java\jdk1.8.0_201\jre\lib\jsse.jar;C:\Program Files\Java\jdk1.8.0_201\jre\lib\management-agent.jar;C:\Program Files\Java\jdk1.8.0_201\jre\lib\plugin.jar;C:\Program Files\Java\jdk1.8.0_201\jre\lib\resources.jar;C:\Program Files\Java\jdk1.8.0_201\jre\lib\rt.jar;D:\data\appTv\target\classes;D:\maven-repository\org\springframework\boot\spring-boot-starter-cache\2.1.3.RELEASE\spring-boot-starter-cache-2.1.3.RELEASE.jar;D:\maven-repository\org\springframework\boot\spring-boot-starter\2.1.3.RELEASE\spring-boot-starter-2.1.3.RELEASE.jar;D:\maven-repository\org\springframework\boot\spring-boot-starter-logging\2.1.3.RELEASE\spring-boot-starter-logging-2.1.3.RELEASE.jar;D:\maven-repository\ch\qos\logback\logback-classic\1.2.3\logback-classic-1.2.3.jar;D:\maven-repository\ch\qos\logback\logback-core\1.2.3\logback-core-1.2.3.jar;D:\maven-repository\org\apache\logging\log4j\log4j-to-slf4j\2.11.2\log4j-to-slf4j
Launcher Type: SUN_STANDARD

Environment Variables:
JAVA_HOME=C:\Program Files\Java\jdk1.8.0_201
CLASSPATH=.;%JAVA_HOME%\lib;%JAVA_HOME%\lib\tools.jar
PATH=D:\Program Files (x86)\NetSarang\Xftp 6\;D:\Program Files (x86)\NetSarang\Xshell 6\;C:\Program Files (x86)\Common Files\Oracle\Java\javapath;C:\Windows\system32;C:\Windows;C:\Windows\System32\Wbem;C:\Windows\System32\WindowsPowerShell\v1.0\;C:\Program Files\MySQL\MySQL Utilities 1.6\;d:\Program Files\Git\cmd;%JAVA_HOME%\bin;%JAVA_HOME%\jre\bin;D:\Program Files\nodejs\;D:\Program Files (x86)\Microsoft SQL Server\100\Tools\Binn\;D:\Program Files\Microsoft SQL Server\100\Tools\Binn\;D:\Program Files\Microsoft SQL Server\100\DTS\Binn\;D:\Program Files (x86)\Microsoft SQL Server\100\Tools\Binn\VSShell\Common7\IDE\;C:\Program Files (x86)\Microsoft Visual Studio 9.0\Common7\IDE\PrivateAssemblies\;D:\Program Files (x86)\Microsoft SQL Server\100\DTS\Binn\;C:\Users\Thinkpad L480\AppData\Local\Microsoft\WindowsApps;;D:\Program Files\Microsoft VS Code\bin;C:\Users\Thinkpad L480\AppData\Roaming\npm
USERNAME=Thinkpad L480
OS=Windows_NT
PROCESSOR_IDENTIFIER=Intel64 Family 6 Model 142 Stepping 10, GenuineIntel



---------------  S Y S T E M  ---------------

OS: Windows 10.0 , 64 bit Build 15063 (10.0.15063.0)

CPU:total 8 (initial active 8) (4 cores per cpu, 2 threads per core) family 6 model 142 stepping 10, cmov, cx8, fxsr, mmx, sse, sse2, sse3, ssse3, sse4.1, sse4.2, popcnt, avx, avx2, aes, clmul, erms, 3dnowpref, lzcnt, ht, tsc, tscinvbit, bmi1, bmi2, adx

Memory: 4k page, physical 8255620k(1182900k free), swap 14284932k(2375708k free)

vm_info: Java HotSpot(TM) 64-Bit Server VM (25.201-b09) for windows-amd64 JRE (1.8.0_201-b09), built on Dec 15 2018 18:36:39 by "java_re" with MS VC++ 10.0 (VS2010)

time: Tue Apr 02 17:37:38 2019
timezone: 中国标准时间
elapsed time: 1606 seconds (0d 0h 26m 46s)

